Traceback (most recent call last):
  File "/opt/hostedtoolcache/Python/3.8.18/x64/lib/python3.8/site-packages/jupyter_cache/executors/utils.py", line 58, in single_nb_execution
    executenb(
  File "/opt/hostedtoolcache/Python/3.8.18/x64/lib/python3.8/site-packages/nbclient/client.py", line 1305, in execute
    return NotebookClient(nb=nb, resources=resources, km=km, **kwargs).execute()
  File "/opt/hostedtoolcache/Python/3.8.18/x64/lib/python3.8/site-packages/jupyter_core/utils/__init__.py", line 165, in wrapped
    return loop.run_until_complete(inner)
  File "/opt/hostedtoolcache/Python/3.8.18/x64/lib/python3.8/asyncio/base_events.py", line 616, in run_until_complete
    return future.result()
  File "/opt/hostedtoolcache/Python/3.8.18/x64/lib/python3.8/site-packages/nbclient/client.py", line 705, in async_execute
    await self.async_execute_cell(
  File "/opt/hostedtoolcache/Python/3.8.18/x64/lib/python3.8/site-packages/nbclient/client.py", line 1058, in async_execute_cell
    await self._check_raise_for_error(cell, cell_index, exec_reply)
  File "/opt/hostedtoolcache/Python/3.8.18/x64/lib/python3.8/site-packages/nbclient/client.py", line 914, in _check_raise_for_error
    raise CellExecutionError.from_cell_and_msg(cell, exec_reply_content)
nbclient.exceptions.CellExecutionError: An error occurred while executing the following cell:
------------------
# Generate 1000 points between 0 and 1 for the x-axis
x = np.linspace(0.0, 1.0, 1000)

# Calculate the y-values based on the sine wave formula
y = np.sin(2 * np.pi * x / L)

# Create the plot
plt.plot(x, y, label=f'L = {L}')
------------------


[0;31m---------------------------------------------------------------------------[0m
[0;31mNameError[0m                                 Traceback (most recent call last)
Cell [0;32mIn[2], line 5[0m
[1;32m      2[0m x [38;5;241m=[39m np[38;5;241m.[39mlinspace([38;5;241m0.0[39m, [38;5;241m1.0[39m, [38;5;241m1000[39m)
[1;32m      4[0m [38;5;66;03m# Calculate the y-values based on the sine wave formula[39;00m
[0;32m----> 5[0m y [38;5;241m=[39m np[38;5;241m.[39msin([38;5;241m2[39m [38;5;241m*[39m np[38;5;241m.[39mpi [38;5;241m*[39m x [38;5;241m/[39m [43mL[49m)
[1;32m      7[0m [38;5;66;03m# Create the plot[39;00m
[1;32m      8[0m plt[38;5;241m.[39mplot(x, y, label[38;5;241m=[39m[38;5;124mf[39m[38;5;124m'[39m[38;5;124mL = [39m[38;5;132;01m{[39;00mL[38;5;132;01m}[39;00m[38;5;124m'[39m)

[0;31mNameError[0m: name 'L' is not defined

