Traceback (most recent call last):
  File "/opt/hostedtoolcache/Python/3.8.18/x64/lib/python3.8/site-packages/jupyter_cache/executors/utils.py", line 58, in single_nb_execution
    executenb(
  File "/opt/hostedtoolcache/Python/3.8.18/x64/lib/python3.8/site-packages/nbclient/client.py", line 1305, in execute
    return NotebookClient(nb=nb, resources=resources, km=km, **kwargs).execute()
  File "/opt/hostedtoolcache/Python/3.8.18/x64/lib/python3.8/site-packages/jupyter_core/utils/__init__.py", line 165, in wrapped
    return loop.run_until_complete(inner)
  File "/opt/hostedtoolcache/Python/3.8.18/x64/lib/python3.8/asyncio/base_events.py", line 616, in run_until_complete
    return future.result()
  File "/opt/hostedtoolcache/Python/3.8.18/x64/lib/python3.8/site-packages/nbclient/client.py", line 705, in async_execute
    await self.async_execute_cell(
  File "/opt/hostedtoolcache/Python/3.8.18/x64/lib/python3.8/site-packages/nbclient/client.py", line 1058, in async_execute_cell
    await self._check_raise_for_error(cell, cell_index, exec_reply)
  File "/opt/hostedtoolcache/Python/3.8.18/x64/lib/python3.8/site-packages/nbclient/client.py", line 914, in _check_raise_for_error
    raise CellExecutionError.from_cell_and_msg(cell, exec_reply_content)
nbclient.exceptions.CellExecutionError: An error occurred while executing the following cell:
------------------
import numpy as np
import matplotlib.pyplot as plt

# Define two commuting matrices (scaling matrices)
A = np.array([[2, 0], [0, 0.5]])
B = np.array([[3, 0], [0, 0.75]])

# Compute the products A*B and B*A
AB = A @ B
BA = B @ A

# Redefine non-commuting matrices for more distinct transformations
C = np.array([[0, -1], [1, 0]])  # 90-degree rotation matrix
D = np.array([[1, 2], [0, 1]])  # Horizontal shear

# Compute the products C*D and D*C (non-commuting case)
CD = C @ D
DC = D @ C

# Apply the transformations
CD_vector = CD @ vector
DC_vector = DC @ vector

# Create subplots for commuting and non-commuting cases
fig, axs = plt.subplots(2, 2, figsize=(12, 12))

# Plot 1: A * B (commuting matrices)
axs[0, 0].axhline(0, color='black',linewidth=0.5)
axs[0, 0].axvline(0, color='black',linewidth=0.5)
axs[0, 0].quiver(0, 0, vector[0], vector[1], angles='xy', scale_units='xy', scale=1, color='blue', label='Original Vector')
axs[0, 0].quiver(0, 0, AB_vector[0], AB_vector[1], angles='xy', scale_units='xy', scale=1, color='red', label='A * B Vector')
axs[0, 0].set_xlim(-10, 10)
axs[0, 0].set_ylim(-10, 10)
axs[0, 0].set_title('Commuting: A * B')
axs[0, 0].legend()
axs[0, 0].grid(True)
axs[0, 0].set_aspect('equal', adjustable='box')

# Plot 2: B * A (commuting matrices)
axs[0, 1].axhline(0, color='black',linewidth=0.5)
axs[0, 1].axvline(0, color='black',linewidth=0.5)
axs[0, 1].quiver(0, 0, vector[0], vector[1], angles='xy', scale_units='xy', scale=1, color='blue', label='Original Vector')
axs[0, 1].quiver(0, 0, BA_vector[0], BA_vector[1], angles='xy', scale_units='xy', scale=1, color='green', label='B * A Vector')
axs[0, 1].set_xlim(-10, 10)
axs[0, 1].set_ylim(-10, 10)
axs[0, 1].set_title('Commuting: B * A')
axs[0, 1].legend()
axs[0, 1].grid(True)
axs[0, 1].set_aspect('equal', adjustable='box')

# Plot 3: C * D (non-commuting matrices)
axs[1, 0].axhline(0, color='black',linewidth=0.5)
axs[1, 0].axvline(0, color='black',linewidth=0.5)
axs[1, 0].quiver(0, 0, vector[0], vector[1], angles='xy', scale_units='xy', scale=1, color='blue', label='Original Vector')
axs[1, 0].quiver(0, 0, CD_vector[0], CD_vector[1], angles='xy', scale_units='xy', scale=1, color='purple', label='C * D Vector')
axs[1, 0].set_xlim(-10, 10)
axs[1, 0].set_ylim(-10, 10)
axs[1, 0].set_title('Non-Commuting: C * D')
axs[1, 0].legend()
axs[1, 0].grid(True)
axs[1, 0].set_aspect('equal', adjustable='box')

# Plot 4: D * C (non-commuting matrices)
axs[1, 1].axhline(0, color='black',linewidth=0.5)
axs[1, 1].axvline(0, color='black',linewidth=0.5)
axs[1, 1].quiver(0, 0, vector[0], vector[1], angles='xy', scale_units='xy', scale=1, color='blue', label='Original Vector')
axs[1, 1].quiver(0, 0, DC_vector[0], DC_vector[1], angles='xy', scale_units='xy', scale=1, color='orange', label='D * C Vector')
axs[1, 1].set_xlim(-10, 10)
axs[1, 1].set_ylim(-10, 10)
axs[1, 1].set_title('Non-Commuting: D * C')
axs[1, 1].legend()
axs[1, 1].grid(True)
axs[1, 1].set_aspect('equal', adjustable='box')

# Display the plots
plt.show()

------------------


[0;31m---------------------------------------------------------------------------[0m
[0;31mNameError[0m                                 Traceback (most recent call last)
Cell [0;32mIn[2], line 21[0m
[1;32m     18[0m DC [38;5;241m=[39m D [38;5;241m@[39m C
[1;32m     20[0m [38;5;66;03m# Apply the transformations[39;00m
[0;32m---> 21[0m CD_vector [38;5;241m=[39m CD [38;5;241m@[39m [43mvector[49m
[1;32m     22[0m DC_vector [38;5;241m=[39m DC [38;5;241m@[39m vector
[1;32m     24[0m [38;5;66;03m# Create subplots for commuting and non-commuting cases[39;00m

[0;31mNameError[0m: name 'vector' is not defined

